<?xml version="1.0" encoding="UTF-8" ?>
<testsuite tests="2" failures="0" name="TestSuite" time="27.182" errors="0" skipped="0">
  <properties>
    <property name="java.runtime.name" value="Java(TM) SE Runtime Environment"/>
    <property name="sun.boot.library.path" value="E:\java\jdk1.8.0_144\jre\bin"/>
    <property name="java.vm.version" value="25.144-b01"/>
    <property name="java.vm.vendor" value="Oracle Corporation"/>
    <property name="java.vendor.url" value="http://java.oracle.com/"/>
    <property name="path.separator" value=";"/>
    <property name="java.vm.name" value="Java HotSpot(TM) 64-Bit Server VM"/>
    <property name="file.encoding.pkg" value="sun.io"/>
    <property name="user.script" value=""/>
    <property name="user.country" value="CN"/>
    <property name="sun.java.launcher" value="SUN_STANDARD"/>
    <property name="sun.os.patch.level" value="Service Pack 1"/>
    <property name="java.vm.specification.name" value="Java Virtual Machine Specification"/>
    <property name="user.dir" value="E:\eclipse-workspace\num1"/>
    <property name="java.runtime.version" value="1.8.0_144-b01"/>
    <property name="java.awt.graphicsenv" value="sun.awt.Win32GraphicsEnvironment"/>
    <property name="basedir" value="E:\eclipse-workspace\num1"/>
    <property name="java.endorsed.dirs" value="E:\java\jdk1.8.0_144\jre\lib\endorsed"/>
    <property name="os.arch" value="amd64"/>
    <property name="surefire.real.class.path" value="E:\eclipse-workspace\num1\target\surefire\surefirebooter2979013085802192248.jar"/>
    <property name="java.io.tmpdir" value="C:\Users\ADMINI~1\AppData\Local\Temp\"/>
    <property name="line.separator" value="
"/>
    <property name="java.vm.specification.vendor" value="Oracle Corporation"/>
    <property name="user.variant" value=""/>
    <property name="os.name" value="Windows 7"/>
    <property name="sun.jnu.encoding" value="GBK"/>
    <property name="java.library.path" value="E:\java\jdk1.8.0_144\jre\bin;C:\Windows\Sun\Java\bin;C:\Windows\system32;C:\Windows;E:/java/jdk1.8.0_144/bin/../jre/bin/server;E:/java/jdk1.8.0_144/bin/../jre/bin;E:/java/jdk1.8.0_144/bin/../jre/lib/amd64;E:\java\jdk1.8.0_144\bin;E:\java\jdk1.8.0_144\jre\bin;C:\ProgramData\Oracle\Java\javapath;C:\Program Files (x86)\AMD APP\bin\x86_64;C:\Program Files (x86)\AMD APP\bin\x86;C:\Windows\system32;C:\Windows;C:\Windows\System32\Wbem;C:\Windows\System32\WindowsPowerShell\v1.0\;C:\Program Files (x86)\ATI Technologies\ATI.ACE\Core-Static;C:\Program Files\Dell\DW WLAN Card;E:\apache-maven-3.5.3\bin;D:\Program Files\Git\cmd;E:\eclipse-jee-oxygen-R-win32-x86_64\eclipse;;."/>
    <property name="surefire.test.class.path" value="E:\eclipse-workspace\num1\target\test-classes;E:\eclipse-workspace\num1\target\classes;E:\m2\repository\org\testng\testng\6.9.10\testng-6.9.10.jar;E:\m2\repository\com\beust\jcommander\1.48\jcommander-1.48.jar;E:\m2\repository\org\beanshell\bsh\2.0b4\bsh-2.0b4.jar;E:\m2\repository\junit\junit\3.8.1\junit-3.8.1.jar;E:\m2\repository\org\seleniumhq\selenium\selenium-java\2.53.1\selenium-java-2.53.1.jar;E:\m2\repository\org\seleniumhq\selenium\selenium-chrome-driver\2.53.1\selenium-chrome-driver-2.53.1.jar;E:\m2\repository\org\seleniumhq\selenium\selenium-remote-driver\2.53.1\selenium-remote-driver-2.53.1.jar;E:\m2\repository\cglib\cglib-nodep\2.1_3\cglib-nodep-2.1_3.jar;E:\m2\repository\com\google\code\gson\gson\2.3.1\gson-2.3.1.jar;E:\m2\repository\org\seleniumhq\selenium\selenium-api\2.53.1\selenium-api-2.53.1.jar;E:\m2\repository\org\apache\httpcomponents\httpclient\4.5.1\httpclient-4.5.1.jar;E:\m2\repository\org\apache\httpcomponents\httpcore\4.4.3\httpcore-4.4.3.jar;E:\m2\repository\org\seleniumhq\selenium\selenium-edge-driver\2.53.1\selenium-edge-driver-2.53.1.jar;E:\m2\repository\commons-io\commons-io\2.4\commons-io-2.4.jar;E:\m2\repository\org\apache\commons\commons-exec\1.3\commons-exec-1.3.jar;E:\m2\repository\org\seleniumhq\selenium\htmlunit-driver\2.21\htmlunit-driver-2.21.jar;E:\m2\repository\net\sourceforge\htmlunit\htmlunit\2.21\htmlunit-2.21.jar;E:\m2\repository\xalan\xalan\2.7.2\xalan-2.7.2.jar;E:\m2\repository\xalan\serializer\2.7.2\serializer-2.7.2.jar;E:\m2\repository\org\apache\commons\commons-lang3\3.4\commons-lang3-3.4.jar;E:\m2\repository\org\apache\httpcomponents\httpmime\4.5.2\httpmime-4.5.2.jar;E:\m2\repository\commons-codec\commons-codec\1.10\commons-codec-1.10.jar;E:\m2\repository\net\sourceforge\htmlunit\htmlunit-core-js\2.17\htmlunit-core-js-2.17.jar;E:\m2\repository\net\sourceforge\htmlunit\neko-htmlunit\2.21\neko-htmlunit-2.21.jar;E:\m2\repository\xerces\xercesImpl\2.11.0\xercesImpl-2.11.0.jar;E:\m2\repository\xml-apis\xml-apis\1.4.01\xml-apis-1.4.01.jar;E:\m2\repository\net\sourceforge\cssparser\cssparser\0.9.18\cssparser-0.9.18.jar;E:\m2\repository\org\w3c\css\sac\1.3\sac-1.3.jar;E:\m2\repository\commons-logging\commons-logging\1.2\commons-logging-1.2.jar;E:\m2\repository\org\eclipse\jetty\websocket\websocket-client\9.2.15.v20160210\websocket-client-9.2.15.v20160210.jar;E:\m2\repository\org\eclipse\jetty\jetty-util\9.2.15.v20160210\jetty-util-9.2.15.v20160210.jar;E:\m2\repository\org\eclipse\jetty\jetty-io\9.2.15.v20160210\jetty-io-9.2.15.v20160210.jar;E:\m2\repository\org\eclipse\jetty\websocket\websocket-common\9.2.15.v20160210\websocket-common-9.2.15.v20160210.jar;E:\m2\repository\org\eclipse\jetty\websocket\websocket-api\9.2.15.v20160210\websocket-api-9.2.15.v20160210.jar;E:\m2\repository\commons-collections\commons-collections\3.2.2\commons-collections-3.2.2.jar;E:\m2\repository\org\seleniumhq\selenium\selenium-firefox-driver\2.53.1\selenium-firefox-driver-2.53.1.jar;E:\m2\repository\org\seleniumhq\selenium\selenium-ie-driver\2.53.1\selenium-ie-driver-2.53.1.jar;E:\m2\repository\net\java\dev\jna\jna\4.1.0\jna-4.1.0.jar;E:\m2\repository\net\java\dev\jna\jna-platform\4.1.0\jna-platform-4.1.0.jar;E:\m2\repository\org\seleniumhq\selenium\selenium-safari-driver\2.53.1\selenium-safari-driver-2.53.1.jar;E:\m2\repository\io\netty\netty\3.5.7.Final\netty-3.5.7.Final.jar;E:\m2\repository\org\seleniumhq\selenium\selenium-support\2.53.1\selenium-support-2.53.1.jar;E:\m2\repository\org\seleniumhq\selenium\selenium-leg-rc\2.53.1\selenium-leg-rc-2.53.1.jar;E:\m2\repository\org\uncommons\reportng\1.1.4\reportng-1.1.4.jar;E:\m2\repository\velocity\velocity\1.4\velocity-1.4.jar;E:\m2\repository\velocity\velocity-dep\1.4\velocity-dep-1.4.jar;E:\m2\repository\com\google\inject\guice\4.0-beta5\guice-4.0-beta5.jar;E:\m2\repository\javax\inject\javax.inject\1\javax.inject-1.jar;E:\m2\repository\aopalliance\aopalliance\1.0\aopalliance-1.0.jar;E:\m2\repository\com\google\guava\guava\16.0.1\guava-16.0.1.jar;"/>
    <property name="sun.awt.enableExtraMouseButtons" value="true"/>
    <property name="java.specification.name" value="Java Platform API Specification"/>
    <property name="java.class.version" value="52.0"/>
    <property name="sun.management.compiler" value="HotSpot 64-Bit Tiered Compilers"/>
    <property name="os.version" value="6.1"/>
    <property name="user.home" value="C:\Users\Administrator"/>
    <property name="user.timezone" value="Asia/Shanghai"/>
    <property name="java.awt.printerjob" value="sun.awt.windows.WPrinterJob"/>
    <property name="java.specification.version" value="1.8"/>
    <property name="file.encoding" value="GBK"/>
    <property name="user.name" value="Administrator"/>
    <property name="java.class.path" value="E:\eclipse-workspace\num1\target\test-classes;E:\eclipse-workspace\num1\target\classes;E:\m2\repository\org\testng\testng\6.9.10\testng-6.9.10.jar;E:\m2\repository\com\beust\jcommander\1.48\jcommander-1.48.jar;E:\m2\repository\org\beanshell\bsh\2.0b4\bsh-2.0b4.jar;E:\m2\repository\junit\junit\3.8.1\junit-3.8.1.jar;E:\m2\repository\org\seleniumhq\selenium\selenium-java\2.53.1\selenium-java-2.53.1.jar;E:\m2\repository\org\seleniumhq\selenium\selenium-chrome-driver\2.53.1\selenium-chrome-driver-2.53.1.jar;E:\m2\repository\org\seleniumhq\selenium\selenium-remote-driver\2.53.1\selenium-remote-driver-2.53.1.jar;E:\m2\repository\cglib\cglib-nodep\2.1_3\cglib-nodep-2.1_3.jar;E:\m2\repository\com\google\code\gson\gson\2.3.1\gson-2.3.1.jar;E:\m2\repository\org\seleniumhq\selenium\selenium-api\2.53.1\selenium-api-2.53.1.jar;E:\m2\repository\org\apache\httpcomponents\httpclient\4.5.1\httpclient-4.5.1.jar;E:\m2\repository\org\apache\httpcomponents\httpcore\4.4.3\httpcore-4.4.3.jar;E:\m2\repository\org\seleniumhq\selenium\selenium-edge-driver\2.53.1\selenium-edge-driver-2.53.1.jar;E:\m2\repository\commons-io\commons-io\2.4\commons-io-2.4.jar;E:\m2\repository\org\apache\commons\commons-exec\1.3\commons-exec-1.3.jar;E:\m2\repository\org\seleniumhq\selenium\htmlunit-driver\2.21\htmlunit-driver-2.21.jar;E:\m2\repository\net\sourceforge\htmlunit\htmlunit\2.21\htmlunit-2.21.jar;E:\m2\repository\xalan\xalan\2.7.2\xalan-2.7.2.jar;E:\m2\repository\xalan\serializer\2.7.2\serializer-2.7.2.jar;E:\m2\repository\org\apache\commons\commons-lang3\3.4\commons-lang3-3.4.jar;E:\m2\repository\org\apache\httpcomponents\httpmime\4.5.2\httpmime-4.5.2.jar;E:\m2\repository\commons-codec\commons-codec\1.10\commons-codec-1.10.jar;E:\m2\repository\net\sourceforge\htmlunit\htmlunit-core-js\2.17\htmlunit-core-js-2.17.jar;E:\m2\repository\net\sourceforge\htmlunit\neko-htmlunit\2.21\neko-htmlunit-2.21.jar;E:\m2\repository\xerces\xercesImpl\2.11.0\xercesImpl-2.11.0.jar;E:\m2\repository\xml-apis\xml-apis\1.4.01\xml-apis-1.4.01.jar;E:\m2\repository\net\sourceforge\cssparser\cssparser\0.9.18\cssparser-0.9.18.jar;E:\m2\repository\org\w3c\css\sac\1.3\sac-1.3.jar;E:\m2\repository\commons-logging\commons-logging\1.2\commons-logging-1.2.jar;E:\m2\repository\org\eclipse\jetty\websocket\websocket-client\9.2.15.v20160210\websocket-client-9.2.15.v20160210.jar;E:\m2\repository\org\eclipse\jetty\jetty-util\9.2.15.v20160210\jetty-util-9.2.15.v20160210.jar;E:\m2\repository\org\eclipse\jetty\jetty-io\9.2.15.v20160210\jetty-io-9.2.15.v20160210.jar;E:\m2\repository\org\eclipse\jetty\websocket\websocket-common\9.2.15.v20160210\websocket-common-9.2.15.v20160210.jar;E:\m2\repository\org\eclipse\jetty\websocket\websocket-api\9.2.15.v20160210\websocket-api-9.2.15.v20160210.jar;E:\m2\repository\commons-collections\commons-collections\3.2.2\commons-collections-3.2.2.jar;E:\m2\repository\org\seleniumhq\selenium\selenium-firefox-driver\2.53.1\selenium-firefox-driver-2.53.1.jar;E:\m2\repository\org\seleniumhq\selenium\selenium-ie-driver\2.53.1\selenium-ie-driver-2.53.1.jar;E:\m2\repository\net\java\dev\jna\jna\4.1.0\jna-4.1.0.jar;E:\m2\repository\net\java\dev\jna\jna-platform\4.1.0\jna-platform-4.1.0.jar;E:\m2\repository\org\seleniumhq\selenium\selenium-safari-driver\2.53.1\selenium-safari-driver-2.53.1.jar;E:\m2\repository\io\netty\netty\3.5.7.Final\netty-3.5.7.Final.jar;E:\m2\repository\org\seleniumhq\selenium\selenium-support\2.53.1\selenium-support-2.53.1.jar;E:\m2\repository\org\seleniumhq\selenium\selenium-leg-rc\2.53.1\selenium-leg-rc-2.53.1.jar;E:\m2\repository\org\uncommons\reportng\1.1.4\reportng-1.1.4.jar;E:\m2\repository\velocity\velocity\1.4\velocity-1.4.jar;E:\m2\repository\velocity\velocity-dep\1.4\velocity-dep-1.4.jar;E:\m2\repository\com\google\inject\guice\4.0-beta5\guice-4.0-beta5.jar;E:\m2\repository\javax\inject\javax.inject\1\javax.inject-1.jar;E:\m2\repository\aopalliance\aopalliance\1.0\aopalliance-1.0.jar;E:\m2\repository\com\google\guava\guava\16.0.1\guava-16.0.1.jar;"/>
    <property name="java.vm.specification.version" value="1.8"/>
    <property name="sun.arch.data.model" value="64"/>
    <property name="java.home" value="E:\java\jdk1.8.0_144\jre"/>
    <property name="sun.java.command" value="E:\eclipse-workspace\num1\target\surefire\surefirebooter2979013085802192248.jar E:\eclipse-workspace\num1\target\surefire\surefire2047291270187472797tmp E:\eclipse-workspace\num1\target\surefire\surefire3675147826064644826tmp"/>
    <property name="java.specification.vendor" value="Oracle Corporation"/>
    <property name="user.language" value="zh"/>
    <property name="awt.toolkit" value="sun.awt.windows.WToolkit"/>
    <property name="java.vm.info" value="mixed mode"/>
    <property name="java.version" value="1.8.0_144"/>
    <property name="java.ext.dirs" value="E:\java\jdk1.8.0_144\jre\lib\ext;C:\Windows\Sun\Java\lib\ext"/>
    <property name="sun.boot.class.path" value="E:\java\jdk1.8.0_144\jre\lib\resources.jar;E:\java\jdk1.8.0_144\jre\lib\rt.jar;E:\java\jdk1.8.0_144\jre\lib\sunrsasign.jar;E:\java\jdk1.8.0_144\jre\lib\jsse.jar;E:\java\jdk1.8.0_144\jre\lib\jce.jar;E:\java\jdk1.8.0_144\jre\lib\charsets.jar;E:\java\jdk1.8.0_144\jre\lib\jfr.jar;E:\java\jdk1.8.0_144\jre\classes"/>
    <property name="webdriver.chrome.driver" value="E:\software\chrome\chromedriver.exe"/>
    <property name="java.vendor" value="Oracle Corporation"/>
    <property name="localRepository" value="E:\m2\repository"/>
    <property name="file.separator" value="\"/>
    <property name="java.vendor.url.bug" value="http://bugreport.sun.com/bugreport/"/>
    <property name="sun.cpu.endian" value="little"/>
    <property name="sun.io.unicode.encoding" value="UnicodeLittle"/>
    <property name="sun.desktop" value="windows"/>
    <property name="sun.cpu.isalist" value="amd64"/>
  </properties>
  <testcase classname="com.lsc.selenium.num1.ConnMongo" name="f" time="0.001"/>
  <testcase classname="com.lsc.selenium.num1.Login" name="f" time="24.614"/>
</testsuite>