<?xml version="1.0" encoding="UTF-8"?>
<!-- Generated by org.testng.reporters.JUnitReportReporter -->
<testsuite hostname="USER-20170908HV" name="com.lsc.selenium.num1.Login" tests="1" failures="0" timestamp="1 Jun 2018 18:15:24 GMT" time="55.922" errors="0">
  <testcase name="f" time="55.922" classname="com.lsc.selenium.num1.Login"/>
</testsuite> <!-- com.lsc.selenium.num1.Login -->
