<?xml version="1.0" encoding="UTF-8"?>
<!-- Generated by org.testng.reporters.JUnitReportReporter -->
<testsuite hostname="USER-20170908HV" name="TestGroup.TestArtifact.AppTest" tests="1" failures="0" timestamp="2 Jun 2018 20:30:54 GMT" time="0.022" errors="0">
  <testcase name="testApp" time="0.022" classname="TestGroup.TestArtifact.AppTest"/>
</testsuite> <!-- TestGroup.TestArtifact.AppTest -->
